2024-09-21T22:00:33.100630Z 0 [System] [MY-015015] [Server] MySQL Server - start.
2024-09-21T22:00:33.351448Z 0 [System] [MY-010116] [Server] /usr/sbin/mysqld (mysqld 9.0.1) starting as process 1
2024-09-21T22:00:33.418293Z 1 [System] [MY-013576] [InnoDB] InnoDB initialization has started.
2024-09-21T22:00:34.055304Z 1 [System] [MY-013577] [InnoDB] InnoDB initialization has ended.
2024-09-21T22:00:34.417020Z 0 [Warning] [MY-010068] [Server] CA certificate ca.pem is self signed.
2024-09-21T22:00:34.418499Z 0 [System] [MY-013602] [Server] Channel mysql_main configured to support TLS. Encrypted connections are now supported for this channel.
2024-09-21T22:00:34.426243Z 0 [Warning] [MY-011810] [Server] Insecure configuration for --pid-file: Location '/var/run/mysqld' in the path is accessible to all OS users. Consider choosing a different directory.
2024-09-21T22:00:34.469504Z 0 [System] [MY-011323] [Server] X Plugin ready for connections. Bind-address: '::' port: 33060, socket: /var/run/mysqld/mysqlx.sock
2024-09-21T22:00:34.469657Z 0 [System] [MY-010931] [Server] /usr/sbin/mysqld: ready for connections. Version: '9.0.1'  socket: '/var/run/mysqld/mysqld.sock'  port: 3306  MySQL Community Server - GPL.
2024-09-21T22:04:06.792754Z 0 [System] [MY-015015] [Server] MySQL Server - start.
2024-09-21T22:04:07.015024Z 0 [System] [MY-010116] [Server] /usr/sbin/mysqld (mysqld 9.0.1) starting as process 1
2024-09-21T22:04:07.037925Z 1 [System] [MY-013576] [InnoDB] InnoDB initialization has started.
2024-09-21T22:04:07.650362Z 1 [System] [MY-013577] [InnoDB] InnoDB initialization has ended.
2024-09-21T22:04:07.978167Z 0 [Warning] [MY-010068] [Server] CA certificate ca.pem is self signed.
2024-09-21T22:04:07.979696Z 0 [System] [MY-013602] [Server] Channel mysql_main configured to support TLS. Encrypted connections are now supported for this channel.
2024-09-21T22:04:07.991362Z 0 [Warning] [MY-011810] [Server] Insecure configuration for --pid-file: Location '/var/run/mysqld' in the path is accessible to all OS users. Consider choosing a different directory.
2024-09-21T22:04:08.040738Z 0 [System] [MY-010931] [Server] /usr/sbin/mysqld: ready for connections. Version: '9.0.1'  socket: '/var/run/mysqld/mysqld.sock'  port: 3306  MySQL Community Server - GPL.
2024-09-21T22:04:08.040771Z 0 [System] [MY-011323] [Server] X Plugin ready for connections. Bind-address: '::' port: 33060, socket: /var/run/mysqld/mysqlx.sock
2024-09-21T22:12:23.972716Z 0 [System] [MY-015015] [Server] MySQL Server - start.
2024-09-21T22:12:24.216114Z 0 [System] [MY-010116] [Server] /usr/sbin/mysqld (mysqld 9.0.1) starting as process 1
2024-09-21T22:12:24.240532Z 1 [System] [MY-013576] [InnoDB] InnoDB initialization has started.
2024-09-21T22:12:24.939528Z 1 [System] [MY-013577] [InnoDB] InnoDB initialization has ended.
2024-09-21T22:12:25.348687Z 0 [Warning] [MY-010068] [Server] CA certificate ca.pem is self signed.
2024-09-21T22:12:25.350737Z 0 [System] [MY-013602] [Server] Channel mysql_main configured to support TLS. Encrypted connections are now supported for this channel.
2024-09-21T22:12:25.360531Z 0 [Warning] [MY-011810] [Server] Insecure configuration for --pid-file: Location '/var/run/mysqld' in the path is accessible to all OS users. Consider choosing a different directory.
2024-09-21T22:12:25.410510Z 0 [System] [MY-011323] [Server] X Plugin ready for connections. Bind-address: '::' port: 33060, socket: /var/run/mysqld/mysqlx.sock
2024-09-21T22:12:25.411596Z 0 [System] [MY-010931] [Server] /usr/sbin/mysqld: ready for connections. Version: '9.0.1'  socket: '/var/run/mysqld/mysqld.sock'  port: 3306  MySQL Community Server - GPL.
2024-09-21T22:20:12.203294Z 0 [System] [MY-015015] [Server] MySQL Server - start.
2024-09-21T22:20:12.429756Z 0 [System] [MY-010116] [Server] /usr/sbin/mysqld (mysqld 9.0.1) starting as process 1
2024-09-21T22:20:12.452520Z 1 [System] [MY-013576] [InnoDB] InnoDB initialization has started.
2024-09-21T22:20:13.412445Z 1 [System] [MY-013577] [InnoDB] InnoDB initialization has ended.
2024-09-21T22:20:14.892944Z 0 [Warning] [MY-010068] [Server] CA certificate ca.pem is self signed.
2024-09-21T22:20:14.896337Z 0 [System] [MY-013602] [Server] Channel mysql_main configured to support TLS. Encrypted connections are now supported for this channel.
2024-09-21T22:20:14.910637Z 0 [Warning] [MY-011810] [Server] Insecure configuration for --pid-file: Location '/var/run/mysqld' in the path is accessible to all OS users. Consider choosing a different directory.
2024-09-21T22:20:14.979935Z 0 [System] [MY-011323] [Server] X Plugin ready for connections. Bind-address: '::' port: 33060, socket: /var/run/mysqld/mysqlx.sock
2024-09-21T22:20:14.980402Z 0 [System] [MY-010931] [Server] /usr/sbin/mysqld: ready for connections. Version: '9.0.1'  socket: '/var/run/mysqld/mysqld.sock'  port: 3306  MySQL Community Server - GPL.
2024-09-21T22:21:15.185393Z 0 [System] [MY-015015] [Server] MySQL Server - start.
2024-09-21T22:21:15.416246Z 0 [System] [MY-010116] [Server] /usr/sbin/mysqld (mysqld 9.0.1) starting as process 1
2024-09-21T22:21:15.468194Z 1 [System] [MY-013576] [InnoDB] InnoDB initialization has started.
2024-09-21T22:21:16.115935Z 1 [System] [MY-013577] [InnoDB] InnoDB initialization has ended.
2024-09-21T22:21:16.488567Z 0 [Warning] [MY-010068] [Server] CA certificate ca.pem is self signed.
2024-09-21T22:21:16.490278Z 0 [System] [MY-013602] [Server] Channel mysql_main configured to support TLS. Encrypted connections are now supported for this channel.
2024-09-21T22:21:16.497746Z 0 [Warning] [MY-011810] [Server] Insecure configuration for --pid-file: Location '/var/run/mysqld' in the path is accessible to all OS users. Consider choosing a different directory.
2024-09-21T22:21:16.544094Z 0 [System] [MY-011323] [Server] X Plugin ready for connections. Bind-address: '::' port: 33060, socket: /var/run/mysqld/mysqlx.sock
2024-09-21T22:21:16.544472Z 0 [System] [MY-010931] [Server] /usr/sbin/mysqld: ready for connections. Version: '9.0.1'  socket: '/var/run/mysqld/mysqld.sock'  port: 3306  MySQL Community Server - GPL.
2024-09-21T22:24:10.821491Z 0 [System] [MY-015015] [Server] MySQL Server - start.
2024-09-21T22:24:11.051652Z 0 [System] [MY-010116] [Server] /usr/sbin/mysqld (mysqld 9.0.1) starting as process 1
2024-09-21T22:24:11.092625Z 1 [System] [MY-013576] [InnoDB] InnoDB initialization has started.
2024-09-21T22:24:11.690293Z 1 [System] [MY-013577] [InnoDB] InnoDB initialization has ended.
2024-09-21T22:24:12.062430Z 0 [Warning] [MY-010068] [Server] CA certificate ca.pem is self signed.
2024-09-21T22:24:12.063664Z 0 [System] [MY-013602] [Server] Channel mysql_main configured to support TLS. Encrypted connections are now supported for this channel.
2024-09-21T22:24:12.071269Z 0 [Warning] [MY-011810] [Server] Insecure configuration for --pid-file: Location '/var/run/mysqld' in the path is accessible to all OS users. Consider choosing a different directory.
2024-09-21T22:24:12.118813Z 0 [System] [MY-011323] [Server] X Plugin ready for connections. Bind-address: '::' port: 33060, socket: /var/run/mysqld/mysqlx.sock
2024-09-21T22:24:12.118933Z 0 [System] [MY-010931] [Server] /usr/sbin/mysqld: ready for connections. Version: '9.0.1'  socket: '/var/run/mysqld/mysqld.sock'  port: 3306  MySQL Community Server - GPL.
2024-09-21T22:28:40.784466Z 0 [System] [MY-013172] [Server] Received SHUTDOWN from user <via user signal>. Shutting down mysqld (Version: 9.0.1).
2024-09-21T22:28:41.545325Z 0 [System] [MY-010910] [Server] /usr/sbin/mysqld: Shutdown complete (mysqld 9.0.1)  MySQL Community Server - GPL.
2024-09-21T22:28:41.546679Z 0 [System] [MY-015016] [Server] MySQL Server - end.
2024-09-21T22:28:52.199876Z 0 [System] [MY-015015] [Server] MySQL Server - start.
2024-09-21T22:28:52.419727Z 0 [System] [MY-010116] [Server] /usr/sbin/mysqld (mysqld 9.0.1) starting as process 1
2024-09-21T22:28:52.437835Z 1 [System] [MY-013576] [InnoDB] InnoDB initialization has started.
2024-09-21T22:28:52.836039Z 1 [System] [MY-013577] [InnoDB] InnoDB initialization has ended.
2024-09-21T22:28:53.231580Z 0 [Warning] [MY-010068] [Server] CA certificate ca.pem is self signed.
2024-09-21T22:28:53.232810Z 0 [System] [MY-013602] [Server] Channel mysql_main configured to support TLS. Encrypted connections are now supported for this channel.
2024-09-21T22:28:53.247790Z 0 [Warning] [MY-011810] [Server] Insecure configuration for --pid-file: Location '/var/run/mysqld' in the path is accessible to all OS users. Consider choosing a different directory.
2024-09-21T22:28:53.319686Z 0 [System] [MY-011323] [Server] X Plugin ready for connections. Bind-address: '::' port: 33060, socket: /var/run/mysqld/mysqlx.sock
2024-09-21T22:28:53.320198Z 0 [System] [MY-010931] [Server] /usr/sbin/mysqld: ready for connections. Version: '9.0.1'  socket: '/var/run/mysqld/mysqld.sock'  port: 3306  MySQL Community Server - GPL.
2024-09-21T22:29:47.274664Z 0 [System] [MY-015015] [Server] MySQL Server - start.
2024-09-21T22:29:47.501975Z 0 [System] [MY-010116] [Server] /usr/sbin/mysqld (mysqld 9.0.1) starting as process 1
2024-09-21T22:29:47.521039Z 1 [System] [MY-013576] [InnoDB] InnoDB initialization has started.
2024-09-21T22:29:48.144874Z 1 [System] [MY-013577] [InnoDB] InnoDB initialization has ended.
2024-09-21T22:29:48.551096Z 0 [Warning] [MY-010068] [Server] CA certificate ca.pem is self signed.
2024-09-21T22:29:48.552390Z 0 [System] [MY-013602] [Server] Channel mysql_main configured to support TLS. Encrypted connections are now supported for this channel.
2024-09-21T22:29:48.565493Z 0 [Warning] [MY-011810] [Server] Insecure configuration for --pid-file: Location '/var/run/mysqld' in the path is accessible to all OS users. Consider choosing a different directory.
2024-09-21T22:29:48.634952Z 0 [System] [MY-011323] [Server] X Plugin ready for connections. Bind-address: '::' port: 33060, socket: /var/run/mysqld/mysqlx.sock
2024-09-21T22:29:48.636079Z 0 [System] [MY-010931] [Server] /usr/sbin/mysqld: ready for connections. Version: '9.0.1'  socket: '/var/run/mysqld/mysqld.sock'  port: 3306  MySQL Community Server - GPL.
2024-09-21T22:31:02.475691Z 0 [System] [MY-015015] [Server] MySQL Server - start.
2024-09-21T22:31:02.722058Z 0 [System] [MY-010116] [Server] /usr/sbin/mysqld (mysqld 9.0.1) starting as process 1
2024-09-21T22:31:02.750048Z 1 [System] [MY-013576] [InnoDB] InnoDB initialization has started.
2024-09-21T22:31:03.488395Z 1 [System] [MY-013577] [InnoDB] InnoDB initialization has ended.
2024-09-21T22:31:03.899272Z 0 [Warning] [MY-010068] [Server] CA certificate ca.pem is self signed.
2024-09-21T22:31:03.900603Z 0 [System] [MY-013602] [Server] Channel mysql_main configured to support TLS. Encrypted connections are now supported for this channel.
2024-09-21T22:31:03.908331Z 0 [Warning] [MY-011810] [Server] Insecure configuration for --pid-file: Location '/var/run/mysqld' in the path is accessible to all OS users. Consider choosing a different directory.
2024-09-21T22:31:03.965753Z 0 [System] [MY-011323] [Server] X Plugin ready for connections. Bind-address: '::' port: 33060, socket: /var/run/mysqld/mysqlx.sock
2024-09-21T22:31:03.966084Z 0 [System] [MY-010931] [Server] /usr/sbin/mysqld: ready for connections. Version: '9.0.1'  socket: '/var/run/mysqld/mysqld.sock'  port: 3306  MySQL Community Server - GPL.
